<?xml version="1.0" encoding="UTF-8"?>
<!-- Generated by org.testng.reporters.JUnitReportReporter -->
<testsuite hostname="NTI-COL-RIDWAN" failures="0" tests="1" name="ridwan.LoginTest" time="4.658" errors="0" timestamp="2025-05-22T10:54:54 ICT" skipped="0">
  <testcase classname="ridwan.LoginTest" name="loginTest" time="4.658"/>
  <system-out/>
</testsuite> <!-- ridwan.LoginTest -->
