<?xml version="1.0" encoding="UTF-8"?>
<!-- Generated by org.testng.reporters.JUnitReportReporter -->
<testsuite hostname="NTI-COL-RIDWAN" failures="0" tests="7" name="ridwan.APITest" time="4.607" errors="0" timestamp="2025-05-22T10:54:54 ICT" skipped="0">
  <testcase classname="ridwan.APITest" name="getUserList" time="1.832"/>
  <system-out/>
  <testcase classname="ridwan.APITest" name="createNewUser" time="0.437"/>
  <system-out/>
  <testcase classname="ridwan.APITest" name="getUserbyID" time="0.349"/>
  <system-out/>
  <testcase classname="ridwan.APITest" name="getUserbyINegative" time="0.351"/>
  <system-out/>
  <testcase classname="ridwan.APITest" name="updateUserPATCH" time="0.686"/>
  <system-out/>
  <testcase classname="ridwan.APITest" name="validateJsonSchemaGetSingleUser" time="0.618"/>
  <system-out/>
  <testcase classname="ridwan.APITest" name="deleteUser" time="0.334"/>
  <system-out/>
</testsuite> <!-- ridwan.APITest -->
